수 11월 18 2020 10:26:03 오전 - CloudFoundryServer.modifyModules(...): add: {} remove: { pasprj [:external:pasprj/org.eclipse.cft.server.core.CloudFoundryApplicationModule]}
수 11월 18 2020 10:26:03 오전 - ClientRequestFactory.deleteApplication(...): appName:pasprj
수 11월 18 2020 10:26:16 오전 - CloudFoundryServer.modifyModules(...): add: { doitsign [org.eclipse.jst.jee.server:doitsign/jst.web]} remove: {}
수 11월 18 2020 10:26:16 오전 - CloudFoundryServerBehaviour.publishModule(...): ADDED { doitsign [org.eclipse.jst.jee.server:doitsign/jst.web]}
수 11월 18 2020 10:27:38 오전 - CloudFoundryServerBehaviour.publishModule(...): ADDED { doitsign [org.eclipse.jst.jee.server:doitsign/jst.web], spring-web-4.3.7.RELEASE.jar [org.eclipse.jst.jee.server:/binary:C:\Users\sdb00\.m2\repository\org\springframework\spring-web\4.3.7.RELEASE\spring-web-4.3.7.RELEASE.jar/jst.webfragment]}
수 11월 18 2020 10:29:09 오전 - CloudFoundryServer.modifyModules(...): add: {} remove: { doitsign [org.eclipse.jst.jee.server:doitsign/jst.web]}
수 11월 18 2020 10:29:09 오전 - ClientRequestFactory.deleteApplication(...): appName:doitsign
수 11월 18 2020 10:29:10 오전 - CloudFoundryServerBehaviour.publishModule(...): REMOVED { doitsign [org.eclipse.jst.jee.server:doitsign/jst.web]}
수 11월 18 2020 10:29:10 오전 - CloudFoundryServerBehaviour.publishModule(...): REMOVED { doitsign [org.eclipse.jst.jee.server:doitsign/jst.web], spring-web-4.3.7.RELEASE.jar [org.eclipse.jst.jee.server:/binary:C:\Users\sdb00\.m2\repository\org\springframework\spring-web\4.3.7.RELEASE\spring-web-4.3.7.RELEASE.jar/jst.webfragment]}
수 11월 18 2020 10:29:28 오전 - CloudFoundryServer.modifyModules(...): add: { doitsign [org.eclipse.jst.jee.server:doitsign/jst.web]} remove: {}
수 11월 18 2020 10:29:28 오전 - CloudFoundryServerBehaviour.publishModule(...): ADDED { doitsign [org.eclipse.jst.jee.server:doitsign/jst.web]}
수 11월 18 2020 10:30:35 오전 - CloudFoundryServerBehaviour.publishModule(...): ADDED { doitsign [org.eclipse.jst.jee.server:doitsign/jst.web], spring-web-4.3.7.RELEASE.jar [org.eclipse.jst.jee.server:/binary:C:\Users\sdb00\.m2\repository\org\springframework\spring-web\4.3.7.RELEASE\spring-web-4.3.7.RELEASE.jar/jst.webfragment]}
수 11월 18 2020 10:31:19 오전 - CloudFoundryServer.modifyModules(...): add: {} remove: { doitsign [org.eclipse.jst.jee.server:doitsign/jst.web]}
수 11월 18 2020 10:31:19 오전 - ClientRequestFactory.deleteApplication(...): appName:doitsign
수 11월 18 2020 10:31:20 오전 - CloudFoundryServerBehaviour.publishModule(...): REMOVED { doitsign [org.eclipse.jst.jee.server:doitsign/jst.web]}
수 11월 18 2020 10:31:20 오전 - CloudFoundryServerBehaviour.publishModule(...): REMOVED { doitsign [org.eclipse.jst.jee.server:doitsign/jst.web], spring-web-4.3.7.RELEASE.jar [org.eclipse.jst.jee.server:/binary:C:\Users\sdb00\.m2\repository\org\springframework\spring-web\4.3.7.RELEASE\spring-web-4.3.7.RELEASE.jar/jst.webfragment]}
수 11월 18 2020 10:31:31 오전 - CloudFoundryServer.modifyModules(...): add: { doitsign [org.eclipse.jst.jee.server:doitsign/jst.web]} remove: {}
수 11월 18 2020 10:31:31 오전 - CloudFoundryServerBehaviour.publishModule(...): ADDED { doitsign [org.eclipse.jst.jee.server:doitsign/jst.web]}
수 11월 18 2020 10:32:13 오전 - CloudFoundryServer.modifyModules(...): add: {} remove: { doitsign [org.eclipse.jst.jee.server:doitsign/jst.web]}
수 11월 18 2020 10:32:13 오전 - CloudFoundryServerBehaviour.publishModule(...): ADDED { doitsign [org.eclipse.jst.jee.server:doitsign/jst.web], spring-web-4.3.7.RELEASE.jar [org.eclipse.jst.jee.server:/binary:C:\Users\sdb00\.m2\repository\org\springframework\spring-web\4.3.7.RELEASE\spring-web-4.3.7.RELEASE.jar/jst.webfragment]}
수 11월 18 2020 10:32:34 오전 - CloudFoundryServer.modifyModules(...): add: { doitsign [org.eclipse.jst.jee.server:doitsign/jst.web]} remove: {}
수 11월 18 2020 10:32:34 오전 - CloudFoundryServerBehaviour.publishModule(...): ADDED { doitsign [org.eclipse.jst.jee.server:doitsign/jst.web]}
수 11월 18 2020 10:33:43 오전 - CloudFoundryServerBehaviour.publishModule(...): ADDED { doitsign [org.eclipse.jst.jee.server:doitsign/jst.web], spring-web-4.3.7.RELEASE.jar [org.eclipse.jst.jee.server:/binary:C:\Users\sdb00\.m2\repository\org\springframework\spring-web\4.3.7.RELEASE\spring-web-4.3.7.RELEASE.jar/jst.webfragment]}
수 11월 18 2020 10:34:05 오전 - CloudFoundryServer.modifyModules(...): add: {} remove: { doitsign [org.eclipse.jst.jee.server:doitsign/jst.web]}
수 11월 18 2020 10:34:06 오전 - ClientRequestFactory.deleteApplication(...): appName:doitsign
수 11월 18 2020 10:34:07 오전 - CloudFoundryServerBehaviour.publishModule(...): REMOVED { doitsign [org.eclipse.jst.jee.server:doitsign/jst.web]}
수 11월 18 2020 10:34:07 오전 - CloudFoundryServerBehaviour.publishModule(...): REMOVED { doitsign [org.eclipse.jst.jee.server:doitsign/jst.web], spring-web-4.3.7.RELEASE.jar [org.eclipse.jst.jee.server:/binary:C:\Users\sdb00\.m2\repository\org\springframework\spring-web\4.3.7.RELEASE\spring-web-4.3.7.RELEASE.jar/jst.webfragment]}
수 11월 18 2020 10:39:23 오전 - CloudFoundryServer.modifyModules(...): add: { doitsign [org.eclipse.jst.jee.server:doitsign/jst.web]} remove: {}
수 11월 18 2020 10:39:23 오전 - CloudFoundryServerBehaviour.publishModule(...): ADDED { doitsign [org.eclipse.jst.jee.server:doitsign/jst.web]}
수 11월 18 2020 10:40:30 오전 - CloudFoundryServerBehaviour.publishModule(...): ADDED { doitsign [org.eclipse.jst.jee.server:doitsign/jst.web], spring-web-4.3.7.RELEASE.jar [org.eclipse.jst.jee.server:/binary:C:\Users\sdb00\.m2\repository\org\springframework\spring-web\4.3.7.RELEASE\spring-web-4.3.7.RELEASE.jar/jst.webfragment]}
수 11월 18 2020 10:41:45 오전 - CloudFoundryServer.modifyModules(...): add: {} remove: { doitsign [org.eclipse.jst.jee.server:doitsign/jst.web]}
수 11월 18 2020 10:41:45 오전 - ClientRequestFactory.deleteApplication(...): appName:doitsign
수 11월 18 2020 10:41:46 오전 - CloudFoundryServerBehaviour.publishModule(...): REMOVED { doitsign [org.eclipse.jst.jee.server:doitsign/jst.web]}
수 11월 18 2020 10:41:46 오전 - CloudFoundryServerBehaviour.publishModule(...): REMOVED { doitsign [org.eclipse.jst.jee.server:doitsign/jst.web], spring-web-4.3.7.RELEASE.jar [org.eclipse.jst.jee.server:/binary:C:\Users\sdb00\.m2\repository\org\springframework\spring-web\4.3.7.RELEASE\spring-web-4.3.7.RELEASE.jar/jst.webfragment]}
수 11월 18 2020 10:46:32 오전 - CloudFoundryServer.modifyModules(...): add: { doitsign [org.eclipse.jst.jee.server:doitsign/jst.web]} remove: {}
수 11월 18 2020 10:46:32 오전 - CloudFoundryServerBehaviour.publishModule(...): ADDED { doitsign [org.eclipse.jst.jee.server:doitsign/jst.web]}
수 11월 18 2020 10:47:36 오전 - CloudFoundryServerBehaviour.publishModule(...): ADDED { doitsign [org.eclipse.jst.jee.server:doitsign/jst.web], spring-web-4.3.7.RELEASE.jar [org.eclipse.jst.jee.server:/binary:C:\Users\sdb00\.m2\repository\org\springframework\spring-web\4.3.7.RELEASE\spring-web-4.3.7.RELEASE.jar/jst.webfragment]}
수 11월 18 2020 10:48:29 오전 - CloudFoundryServer.modifyModules(...): add: {} remove: { doitsign [org.eclipse.jst.jee.server:doitsign/jst.web]}
수 11월 18 2020 10:48:30 오전 - ClientRequestFactory.deleteApplication(...): appName:doitsign
수 11월 18 2020 10:48:30 오전 - CloudFoundryServerBehaviour.publishModule(...): REMOVED { doitsign [org.eclipse.jst.jee.server:doitsign/jst.web]}
수 11월 18 2020 10:48:30 오전 - CloudFoundryServerBehaviour.publishModule(...): REMOVED { doitsign [org.eclipse.jst.jee.server:doitsign/jst.web], spring-web-4.3.7.RELEASE.jar [org.eclipse.jst.jee.server:/binary:C:\Users\sdb00\.m2\repository\org\springframework\spring-web\4.3.7.RELEASE\spring-web-4.3.7.RELEASE.jar/jst.webfragment]}
수 11월 18 2020 10:48:44 오전 - CloudFoundryServer.modifyModules(...): add: { doitsign [org.eclipse.jst.jee.server:doitsign/jst.web]} remove: {}
수 11월 18 2020 10:48:44 오전 - CloudFoundryServerBehaviour.publishModule(...): ADDED { doitsign [org.eclipse.jst.jee.server:doitsign/jst.web]}
수 11월 18 2020 10:49:59 오전 - CloudFoundryServerBehaviour.publishModule(...): ADDED { doitsign [org.eclipse.jst.jee.server:doitsign/jst.web], spring-web-4.3.7.RELEASE.jar [org.eclipse.jst.jee.server:/binary:C:\Users\sdb00\.m2\repository\org\springframework\spring-web\4.3.7.RELEASE\spring-web-4.3.7.RELEASE.jar/jst.webfragment]}
수 11월 18 2020 10:52:28 오전 - CloudFoundryServer.modifyModules(...): add: {} remove: { doitsign [org.eclipse.jst.jee.server:doitsign/jst.web]}
수 11월 18 2020 10:52:28 오전 - ClientRequestFactory.deleteApplication(...): appName:doitsign
수 11월 18 2020 10:52:29 오전 - CloudFoundryServerBehaviour.publishModule(...): REMOVED { doitsign [org.eclipse.jst.jee.server:doitsign/jst.web]}
수 11월 18 2020 10:52:29 오전 - CloudFoundryServerBehaviour.publishModule(...): REMOVED { doitsign [org.eclipse.jst.jee.server:doitsign/jst.web], spring-web-4.3.7.RELEASE.jar [org.eclipse.jst.jee.server:/binary:C:\Users\sdb00\.m2\repository\org\springframework\spring-web\4.3.7.RELEASE\spring-web-4.3.7.RELEASE.jar/jst.webfragment]}
수 11월 18 2020 10:52:41 오전 - CloudFoundryServer.modifyModules(...): add: { doitsign [org.eclipse.jst.jee.server:doitsign/jst.web]} remove: {}
수 11월 18 2020 10:52:41 오전 - CloudFoundryServerBehaviour.publishModule(...): ADDED { doitsign [org.eclipse.jst.jee.server:doitsign/jst.web]}
수 11월 18 2020 10:53:53 오전 - CloudFoundryServerBehaviour.publishModule(...): ADDED { doitsign [org.eclipse.jst.jee.server:doitsign/jst.web], spring-web-4.3.7.RELEASE.jar [org.eclipse.jst.jee.server:/binary:C:\Users\sdb00\.m2\repository\org\springframework\spring-web\4.3.7.RELEASE\spring-web-4.3.7.RELEASE.jar/jst.webfragment]}
수 11월 18 2020 10:55:10 오전 - CloudFoundryServer.modifyModules(...): add: {} remove: { doitsign [org.eclipse.jst.jee.server:doitsign/jst.web]}
수 11월 18 2020 10:55:10 오전 - ClientRequestFactory.deleteApplication(...): appName:doitsign
수 11월 18 2020 10:55:12 오전 - CloudFoundryServerBehaviour.publishModule(...): REMOVED { doitsign [org.eclipse.jst.jee.server:doitsign/jst.web]}
수 11월 18 2020 10:55:12 오전 - CloudFoundryServerBehaviour.publishModule(...): REMOVED { doitsign [org.eclipse.jst.jee.server:doitsign/jst.web], spring-web-4.3.7.RELEASE.jar [org.eclipse.jst.jee.server:/binary:C:\Users\sdb00\.m2\repository\org\springframework\spring-web\4.3.7.RELEASE\spring-web-4.3.7.RELEASE.jar/jst.webfragment]}
수 11월 18 2020 10:55:22 오전 - CloudFoundryServer.modifyModules(...): add: { doitsign [org.eclipse.jst.jee.server:doitsign/jst.web]} remove: {}
수 11월 18 2020 10:55:22 오전 - CloudFoundryServerBehaviour.publishModule(...): ADDED { doitsign [org.eclipse.jst.jee.server:doitsign/jst.web]}
수 11월 18 2020 11:01:11 오전 - CloudFoundryServerBehaviour.publishModule(...): ADDED { doitsign [org.eclipse.jst.jee.server:doitsign/jst.web], spring-web-4.3.7.RELEASE.jar [org.eclipse.jst.jee.server:/binary:C:\Users\sdb00\.m2\repository\org\springframework\spring-web\4.3.7.RELEASE\spring-web-4.3.7.RELEASE.jar/jst.webfragment]}
수 11월 18 2020 11:09:38 오전 - CloudFoundryServer.modifyModules(...): add: {} remove: { doitsign [org.eclipse.jst.jee.server:doitsign/jst.web]}
수 11월 18 2020 11:09:38 오전 - ClientRequestFactory.deleteApplication(...): appName:doitsign
수 11월 18 2020 11:09:39 오전 - CloudFoundryServerBehaviour.publishModule(...): REMOVED { doitsign [org.eclipse.jst.jee.server:doitsign/jst.web]}
수 11월 18 2020 11:09:39 오전 - CloudFoundryServerBehaviour.publishModule(...): REMOVED { doitsign [org.eclipse.jst.jee.server:doitsign/jst.web], spring-web-4.3.7.RELEASE.jar [org.eclipse.jst.jee.server:/binary:C:\Users\sdb00\.m2\repository\org\springframework\spring-web\4.3.7.RELEASE\spring-web-4.3.7.RELEASE.jar/jst.webfragment]}
수 11월 18 2020 11:13:01 오전 - CloudFoundryServer.modifyModules(...): add: { doitsign [org.eclipse.jst.jee.server:doitsign/jst.web]} remove: {}
수 11월 18 2020 11:13:01 오전 - CloudFoundryServerBehaviour.publishModule(...): ADDED { doitsign [org.eclipse.jst.jee.server:doitsign/jst.web]}
수 11월 18 2020 11:22:35 오전 - CloudFoundryServerBehaviour.publishModule(...): ADDED { doitsign [org.eclipse.jst.jee.server:doitsign/jst.web], spring-web-4.3.7.RELEASE.jar [org.eclipse.jst.jee.server:/binary:C:\Users\sdb00\.m2\repository\org\springframework\spring-web\4.3.7.RELEASE\spring-web-4.3.7.RELEASE.jar/jst.webfragment]}
수 11월 18 2020 11:28:18 오전 - CloudFoundryServer.modifyModules(...): add: {} remove: { doitsign [org.eclipse.jst.jee.server:doitsign/jst.web]}
수 11월 18 2020 11:28:19 오전 - ClientRequestFactory.deleteApplication(...): appName:doitsign
수 11월 18 2020 11:28:21 오전 - CloudFoundryServerBehaviour.publishModule(...): REMOVED { doitsign [org.eclipse.jst.jee.server:doitsign/jst.web]}
수 11월 18 2020 11:28:21 오전 - CloudFoundryServerBehaviour.publishModule(...): REMOVED { doitsign [org.eclipse.jst.jee.server:doitsign/jst.web], spring-web-4.3.7.RELEASE.jar [org.eclipse.jst.jee.server:/binary:C:\Users\sdb00\.m2\repository\org\springframework\spring-web\4.3.7.RELEASE\spring-web-4.3.7.RELEASE.jar/jst.webfragment]}
수 11월 18 2020 11:28:32 오전 - CloudFoundryServer.modifyModules(...): add: { doitsign [org.eclipse.jst.jee.server:doitsign/jst.web]} remove: {}
수 11월 18 2020 11:28:32 오전 - CloudFoundryServerBehaviour.publishModule(...): ADDED { doitsign [org.eclipse.jst.jee.server:doitsign/jst.web]}
수 11월 18 2020 11:33:18 오전 - CloudFoundryServerBehaviour.publishModule(...): ADDED { doitsign [org.eclipse.jst.jee.server:doitsign/jst.web], spring-web-4.3.7.RELEASE.jar [org.eclipse.jst.jee.server:/binary:C:\Users\sdb00\.m2\repository\org\springframework\spring-web\4.3.7.RELEASE\spring-web-4.3.7.RELEASE.jar/jst.webfragment]}
수 11월 18 2020 11:34:47 오전 - CloudFoundryServer.modifyModules(...): add: {} remove: { doitsign [org.eclipse.jst.jee.server:doitsign/jst.web]}
수 11월 18 2020 11:34:48 오전 - ClientRequestFactory.deleteApplication(...): appName:doitsign
수 11월 18 2020 11:34:49 오전 - CloudFoundryServerBehaviour.publishModule(...): REMOVED { doitsign [org.eclipse.jst.jee.server:doitsign/jst.web]}
수 11월 18 2020 11:34:49 오전 - CloudFoundryServerBehaviour.publishModule(...): REMOVED { doitsign [org.eclipse.jst.jee.server:doitsign/jst.web], spring-web-4.3.7.RELEASE.jar [org.eclipse.jst.jee.server:/binary:C:\Users\sdb00\.m2\repository\org\springframework\spring-web\4.3.7.RELEASE\spring-web-4.3.7.RELEASE.jar/jst.webfragment]}
수 11월 18 2020 11:35:07 오전 - CloudFoundryServer.modifyModules(...): add: { doitsign [org.eclipse.jst.jee.server:doitsign/jst.web]} remove: {}
수 11월 18 2020 11:35:07 오전 - CloudFoundryServerBehaviour.publishModule(...): ADDED { doitsign [org.eclipse.jst.jee.server:doitsign/jst.web]}
수 11월 18 2020 11:38:19 오전 - CloudFoundryServerBehaviour.publishModule(...): ADDED { doitsign [org.eclipse.jst.jee.server:doitsign/jst.web], spring-web-4.3.7.RELEASE.jar [org.eclipse.jst.jee.server:/binary:C:\Users\sdb00\.m2\repository\org\springframework\spring-web\4.3.7.RELEASE\spring-web-4.3.7.RELEASE.jar/jst.webfragment]}
수 11월 18 2020 12:20:57 오후 - CloudFoundryServer.modifyModules(...): add: {} remove: { doitsign [org.eclipse.jst.jee.server:doitsign/jst.web]}
수 11월 18 2020 12:20:58 오후 - ClientRequestFactory.deleteApplication(...): appName:doitsign
수 11월 18 2020 12:20:59 오후 - CloudFoundryServerBehaviour.publishModule(...): REMOVED { doitsign [org.eclipse.jst.jee.server:doitsign/jst.web]}
수 11월 18 2020 12:20:59 오후 - CloudFoundryServerBehaviour.publishModule(...): REMOVED { doitsign [org.eclipse.jst.jee.server:doitsign/jst.web], spring-web-4.3.7.RELEASE.jar [org.eclipse.jst.jee.server:/binary:C:\Users\sdb00\.m2\repository\org\springframework\spring-web\4.3.7.RELEASE\spring-web-4.3.7.RELEASE.jar/jst.webfragment]}
수 11월 18 2020 12:22:26 오후 - CloudFoundryServer.modifyModules(...): add: { doitsign [org.eclipse.jst.jee.server:doitsign/jst.web]} remove: {}
수 11월 18 2020 12:22:26 오후 - CloudFoundryServerBehaviour.publishModule(...): ADDED { doitsign [org.eclipse.jst.jee.server:doitsign/jst.web]}
수 11월 18 2020 12:25:23 오후 - CloudFoundryServerBehaviour.publishModule(...): ADDED { doitsign [org.eclipse.jst.jee.server:doitsign/jst.web], spring-web-4.3.7.RELEASE.jar [org.eclipse.jst.jee.server:/binary:C:\Users\sdb00\.m2\repository\org\springframework\spring-web\4.3.7.RELEASE\spring-web-4.3.7.RELEASE.jar/jst.webfragment]}
수 11월 18 2020 12:25:56 오후 - CloudFoundryServer.modifyModules(...): add: {} remove: { doitsign [org.eclipse.jst.jee.server:doitsign/jst.web]}
수 11월 18 2020 12:25:56 오후 - ClientRequestFactory.deleteApplication(...): appName:doitsign
수 11월 18 2020 12:25:57 오후 - CloudFoundryServerBehaviour.publishModule(...): REMOVED { doitsign [org.eclipse.jst.jee.server:doitsign/jst.web]}
수 11월 18 2020 12:25:57 오후 - CloudFoundryServerBehaviour.publishModule(...): REMOVED { doitsign [org.eclipse.jst.jee.server:doitsign/jst.web], spring-web-4.3.7.RELEASE.jar [org.eclipse.jst.jee.server:/binary:C:\Users\sdb00\.m2\repository\org\springframework\spring-web\4.3.7.RELEASE\spring-web-4.3.7.RELEASE.jar/jst.webfragment]}
수 11월 18 2020 12:26:10 오후 - CloudFoundryServer.modifyModules(...): add: { doitsign [org.eclipse.jst.jee.server:doitsign/jst.web]} remove: {}
수 11월 18 2020 12:26:10 오후 - CloudFoundryServerBehaviour.publishModule(...): ADDED { doitsign [org.eclipse.jst.jee.server:doitsign/jst.web]}
수 11월 18 2020 12:29:23 오후 - CloudFoundryServerBehaviour.publishModule(...): ADDED { doitsign [org.eclipse.jst.jee.server:doitsign/jst.web], spring-web-4.3.7.RELEASE.jar [org.eclipse.jst.jee.server:/binary:C:\Users\sdb00\.m2\repository\org\springframework\spring-web\4.3.7.RELEASE\spring-web-4.3.7.RELEASE.jar/jst.webfragment]}
수 11월 18 2020 12:29:29 오후 - CloudFoundryServer.modifyModules(...): add: {} remove: { doitsign [org.eclipse.jst.jee.server:doitsign/jst.web]}
수 11월 18 2020 12:29:29 오후 - ClientRequestFactory.deleteApplication(...): appName:pasdis
수 11월 18 2020 12:29:30 오후 - CloudFoundryServerBehaviour.publishModule(...): REMOVED { doitsign [org.eclipse.jst.jee.server:doitsign/jst.web]}
수 11월 18 2020 12:29:30 오후 - CloudFoundryServerBehaviour.publishModule(...): REMOVED { doitsign [org.eclipse.jst.jee.server:doitsign/jst.web], spring-web-4.3.7.RELEASE.jar [org.eclipse.jst.jee.server:/binary:C:\Users\sdb00\.m2\repository\org\springframework\spring-web\4.3.7.RELEASE\spring-web-4.3.7.RELEASE.jar/jst.webfragment]}
